<?xml version="1.0" encoding="UTF-8"?>
<!-- Generated by org.testng.reporters.JUnitXMLReporter -->
<testsuite ignored="0" hostname="DESKTOP-6B4GI15" failures="0" tests="3" name="Test" time="131.281" errors="0" timestamp="2022-09-13T15:38:17 IST">
  <testcase classname="com.landmark.qa.testcases.LandmarkLoginPageTest" name="verifyUserloginTest" time="0.123"/>
  <testcase classname="com.landmark.qa.testcases.LandmarkHomePageTest" name="verifyPrintProductAddedToBasketTest" time="24.202"/>
  <testcase classname="com.landmark.qa.testcases.CheckOutPageTest" name="verifyTest" time="60.81"/>
</testsuite> <!-- Test -->
