<?xml version="1.0" encoding="UTF-8"?>
<testng-results ignored="0" total="3" passed="3" failed="0" skipped="0">
  <reporter-output>
  </reporter-output>
  <suite started-at="2022-09-13T15:36:05 IST" name="Suite" finished-at="2022-09-13T15:38:17 IST" duration-ms="131281">
    <groups>
    </groups>
    <test started-at="2022-09-13T15:36:05 IST" name="Test" finished-at="2022-09-13T15:38:17 IST" duration-ms="131281">
      <class name="com.landmark.qa.testcases.LandmarkHomePageTest">
        <test-method is-config="true" signature="setup()[pri:0, instance:com.landmark.qa.testcases.LandmarkHomePageTest@4ac3c60d]" started-at="2022-09-13T15:36:23 IST" name="setup" finished-at="2022-09-13T15:36:36 IST" duration-ms="12906" status="PASS">
          <reporter-output>
          </reporter-output>
        </test-method> <!-- setup -->
        <test-method signature="verifyPrintProductAddedToBasketTest()[pri:1, instance:com.landmark.qa.testcases.LandmarkHomePageTest@4ac3c60d]" started-at="2022-09-13T15:36:36 IST" name="verifyPrintProductAddedToBasketTest" finished-at="2022-09-13T15:37:00 IST" duration-ms="24202" status="PASS">
          <reporter-output>
          </reporter-output>
        </test-method> <!-- verifyPrintProductAddedToBasketTest -->
        <test-method is-config="true" signature="tearDown()[pri:0, instance:com.landmark.qa.testcases.LandmarkHomePageTest@4ac3c60d]" started-at="2022-09-13T15:37:00 IST" name="tearDown" finished-at="2022-09-13T15:37:01 IST" duration-ms="465" status="PASS">
          <reporter-output>
          </reporter-output>
        </test-method> <!-- tearDown -->
      </class> <!-- com.landmark.qa.testcases.LandmarkHomePageTest -->
      <class name="com.landmark.qa.testcases.LandmarkLoginPageTest">
        <test-method is-config="true" signature="setup()[pri:0, instance:com.landmark.qa.testcases.LandmarkLoginPageTest@3f197a46]" started-at="2022-09-13T15:36:06 IST" name="setup" finished-at="2022-09-13T15:36:23 IST" duration-ms="16900" status="PASS">
          <reporter-output>
          </reporter-output>
        </test-method> <!-- setup -->
        <test-method signature="verifyUserloginTest()[pri:1, instance:com.landmark.qa.testcases.LandmarkLoginPageTest@3f197a46]" started-at="2022-09-13T15:36:23 IST" name="verifyUserloginTest" finished-at="2022-09-13T15:36:23 IST" duration-ms="123" status="PASS">
          <reporter-output>
          </reporter-output>
        </test-method> <!-- verifyUserloginTest -->
        <test-method is-config="true" signature="tearDown()[pri:0, instance:com.landmark.qa.testcases.LandmarkLoginPageTest@3f197a46]" started-at="2022-09-13T15:36:23 IST" name="tearDown" finished-at="2022-09-13T15:36:23 IST" duration-ms="504" status="PASS">
          <reporter-output>
          </reporter-output>
        </test-method> <!-- tearDown -->
      </class> <!-- com.landmark.qa.testcases.LandmarkLoginPageTest -->
      <class name="com.landmark.qa.testcases.CheckOutPageTest">
        <test-method is-config="true" signature="setup()[pri:0, instance:com.landmark.qa.testcases.CheckOutPageTest@4facf68f]" started-at="2022-09-13T15:37:01 IST" name="setup" finished-at="2022-09-13T15:37:15 IST" duration-ms="14683" status="PASS">
          <reporter-output>
          </reporter-output>
        </test-method> <!-- setup -->
        <test-method signature="verifyTest()[pri:1, instance:com.landmark.qa.testcases.CheckOutPageTest@4facf68f]" started-at="2022-09-13T15:37:15 IST" name="verifyTest" finished-at="2022-09-13T15:38:16 IST" duration-ms="60810" status="PASS">
          <reporter-output>
          </reporter-output>
        </test-method> <!-- verifyTest -->
        <test-method is-config="true" signature="tearDown()[pri:0, instance:com.landmark.qa.testcases.CheckOutPageTest@4facf68f]" started-at="2022-09-13T15:38:16 IST" name="tearDown" finished-at="2022-09-13T15:38:17 IST" duration-ms="461" status="PASS">
          <reporter-output>
          </reporter-output>
        </test-method> <!-- tearDown -->
      </class> <!-- com.landmark.qa.testcases.CheckOutPageTest -->
    </test> <!-- Test -->
  </suite> <!-- Suite -->
</testng-results>
